<?xml version="1.0" encoding="UTF-8"?>
<testsuite xmlns:xsi="http://www.w3.org/2001/XMLSchema-instance" xsi:noNamespaceSchemaLocation="https://maven.apache.org/surefire/maven-surefire-plugin/xsd/surefire-test-report-3.0.xsd" version="3.0" name="rentasad.library.db.AdsConnectionTest" time="0.088" tests="2" errors="1" skipped="0" failures="0">
  <properties>
[...]
</properties>
  <testcase name="testDbConnectionWithParameters" classname="rentasad.library.db.AdsConnectionTest" time="0.048"/>
  <testcase name="encodingCheckQuarterAddress" classname="rentasad.library.db.AdsConnectionTest" time="0.025">
    <error type="com.extendedsystems.jdbc.advantage.ADSException"><![CDATA[com.extendedsystems.jdbc.advantage.ADSException: [iAnywhere Solutions][Advantage JDBC]windows-850
	at rentasad.library.db.AdsConnectionTest.encodingCheckQuarterAddress(AdsConnectionTest.java:69)
]]></error>
  </testcase>
</testsuite>